[   0.000000] Initializing cgroup subsys cpuset
[    0.000000] Initializing cgroup subsys cpu
[    0.000000] Initializing cgroup subsys cpuacct
[    0.000000] Linux version 4.4.0-154-generic (buildd@lgw01-amd64-049) (gcc version 5.4.0 20160609 (Ubuntu 5.4.0-6ubuntu1~16.04.10) ) #181-Ubuntu SMP Tue Jun 25 05:29:03 UTC 2019 (Ubuntu 4.4.0-154.181-generic 4.4.179)
[    0.000000] Command line: BOOT_IMAGE=/boot/vmlinuz-4.4.0-154-generic root=LABEL=cloudimg-rootfs ro console=tty1 console=ttyS0
[    0.000000] KERNEL supported cpus:
[    0.000000]   Intel GenuineIntel
[    0.000000]   AMD AuthenticAMD
[    0.000000]   Centaur CentaurHauls
[    0.000000] x86/fpu: Legacy x87 FPU detected.
[    0.000000] e820: BIOS-provided physical RAM map:
[    0.000000] BIOS-e820: [mem 0x0000000000000000-0x000000000009fbff] usable
[    0.000000] BIOS-e820: [mem 0x000000000009fc00-0x000000000009ffff] reserved
[    0.000000] BIOS-e820: [mem 0x00000000000f0000-0x00000000000fffff] reserved
[    0.000000] BIOS-e820: [mem 0x0000000000100000-0x000000003ffeffff] usable
[    0.000000] BIOS-e8: [mem 0x000000003fff0000-0x000000003fffffff] ACPI data
[    0.000000] BIOS-e820: [mem 0x00000000fec00000-0x00000000fe00fff] reserved
[    0.000000] BIOS-e820: [mem 0x00000000fee00000-0x00000000fee00fff] reserved
[    0.000000] BIOS-e820: [mem 0x00000000fffc0000-0x00000000ffffffff] reserved
[    0.000000] NX (Execute Disable) protectin: active
[    0.000000] SMBIOS 2.5 present.
[    0.000000] Hypervisor detected: KVM
[    0.000000] e820: last_pfn = 0x3fff0 max_arch_pfn = 0x400000000
[    0.000000] MTRR: Disabled
[    0.000000] x86/PAT: MTRRs disabled, skipping PAT initialization too.
[    0.000000] CPU MTRRs all blank - virtualized system.
[    0.000000] x86/PAT: Configuration [0-7]: WB  WT  UC- UC  WB  WT  UC- UC  
[    0.000000] found SMP MP-table at [mem 0x0009fff0-0x0009ffff] mapped at [ffff88000009fff0]
[    0.000000] Scanning 1 areas for low memory corruption
[    0.000000] RAMDISK: [mem 0x362fa000-0x37174fff]
[    0.000000] ACPI: Early table checksum verification disabled
[    0.000000] ACPI: RSDP 0x00000000000E0000 000024 (v02 VBOX  )
[    0.000000] ACPI: XSDT 0x000000003FFF0030 00003C (v01 VBOX   VBOXXSDT 00000001 ASL  00000061)
[    0.000000] ACPI: FACP 0x000000003FFF00F0 0000F4 (v04 VBOX   VBOXFACP 00000001 ASL  00000061)
[    0.000000] ACPI: DSDT 0x000000003FFF0470 0021FF (v02 VBOX   VBOXBIOS 00000002 INTL 20180105)
[    0.000000] ACPI: FACS 0x000000003FFF0200 000040
[    0.000000] ACPI: FACS 0x000000003FFF0200 000040
[    0.000000] ACPI: APIC 0x000000003FFF0240 00005C (v02 VBOX   VBOXAPIC 00000001 ASL  00000061)
[    0.000000] ACPI: SSDT 0x000000003FFF02A0 0001CC (v01 VBOX   VBOXCPUT 00000002 INTL 20180105)
[    0.000000] No NUMA configuration found
[    0.000000] Faking a node at [mem 0x0000000000000000-0x000000003ffeffff]
[    0.000000] NODE_DATA(0) allocated [mem 0x3ffeb000-0x3ffeffff]
[    0.000000] kvm-clock: Using msrs 4b564d01 and 4b564d00
[    0.000000] kvm-clock: cpu 0, msr 0:3ffe3001, primary cpu clock
[    0.000000] kvm-clock: using sched offset of 5226183173 cycles
[    0.000000] clocksource: kvm-clock: mask: 0xffffffffffffffff max_cycles: 0x1cd42e4dffb, max_idle_ns: 881590591483 ns
[    0.000000] Zone ranges:
[    0.000000]   DMA      [mem 0x0000000000001000-0x0000000000ffffff]
[    0.000000]   DMA32    [mem 0x0000000001000000-0x000000003ffefff]
[    0.000000]   Normal   empty
[    0.000000]   Device   empty
[    0.000000] Movable zone start for eachnode
[    0.000000] Early memory node ranges
[    0.000000]   node   0: [mem 0x0000000000001000-0x000000000009efff]
[    0.000000]   node   0: [mem 0x0000000000100000-0x000000003ffeffff]
[    0.000000] Initmem setup node 0 [mem 0x0000000000001000-0x000000003ffeffff]
[    0.000000] ACPI: PM-Timer IO Port: 0x4008
[    0.000000] IOAPIC[0]: apic_id 2, version 32, address 0xfec00000, GSI 0-23
[    0.000000] ACPI: INT_SRC_OVR (bus 0 bus_irq 0 globl_irq 2 dfl dfl)
[    0.000000] ACPI: INT_SRC_OVR (bus 0 bus_irq 9 global_irq 9 low level)
[    0.000000] Using ACPI (MADT) for SMP configuration information
[    0.000000] smpboot: Allowing 2 CPUs, 0 hotplug CPUs
[    0.000000] PM: Registered nosave memory: [mem 0x00000000-0x00000fff]
[    0.000000] PM: Registered nosave memory: [mem 0x0009f000-0x0009ffff]
[    0.000000] PM: Registered nosave memory: [mem 000a000-0x00effff]
[    0.000000] PM: Registered nosave memory: [mem 0x000f0000-0x000fffff]
[    0.000000] e820: [mem 0x40000000-0xfebfffff] available for PCI devices
[    0.000000] Booting paravirtualized kernel on KVM
[    0.000000] clocksource: refined-jiffies: mask: 0xffffffff max_cycles: 0xffffffff, max_idle_ns: 7645519600211568 ns
[    0.000000] setup_percpu: NR_CPUS:512 nr_cpumask_bits:512 nr_cpu_ids:2 nr_node_ids:1
[    0.000000] PERCPU: Embedded 34 pages/cpu @ffff88003fc00000 s99480 r8192 d31592 u1048576
[    0.000000] Built 1 zonelists in Node order, mobility grouping on.  Total pages: 257912
[    0.000000] Policy zone: DMA32
[    0.000000] Kernel command line: BOOT_IMAGE=/boot/vmlinuz-4.4.0-154-generic root=LABEL=cloudimg-rootfs ro console=tty1 console=ttyS0
[    0.000000] PID hash table entries: 4096 (order: 3, 32768 bytes)
[    0.000000] Memory: 997732K/1048120K available (8613K kernel code, 1335K rwdata, 428K rodata, 1484K init, 1284K bss, 50388K reserved, 0K cma-reserved)
[    0.000000] SLUB: HWalign=64, Order=0-3, MinObjects=0, CPUs=2, Nodes=1
[    0.000000] Krnel/User page tables isolatn: enabled
[   0.000000] Hierarchical RCU implementation.
[    0.000000] 	Build-time adjustment of leaffanout to 64.
[    0.000000] 	RCU restricting CPUs from NR_CPUS=512 to nr_cpu_ids=2.
[    0.000000] RCU: Adjusting geometry for rcuu_fanou_leaf=64, nr_cpu_ids=2
[    0.000000] NR_IRQS:33024 nr_irqs:440 16
[    0.000000] Console: colour VGA+ 80x25
[    0.000000] console [tty1] enabled
[    0.000000] console [ttyS0] enabled
[    0.000000] tsc: Detected 2992.498 MHz processor
[    2.992810] Calibrating delay loop (skipped) preset value.. 5984.99 BogoMIPS (lpj=11969992)
[    3.001119] pid_max: default: 32768 minimum: 301
[    3.002683] ACPI: Core revision 20150930
[    3.005381] ACPI: 2 ACPI AML tables successfully acquired and loaded
[    3.054354] Security Framework initialized
[    3.061138] Yama: becoming mindful.
[    3.062532] AppArmor: AppArmor initialized
[    3.064128] Dentry cache hash table entries: 131072 (order: 8, 1048576 bytes)
[    3.091164] Inode-cache hash table entries: 65536 (order: 7, 524288 bytes)
[    3.126520] Mount-cache hash table entries: 2048 (order: 2, 16384 bytes)
[    3.128498] Mountpoint-cache hash table entries: 2048 (order: 2, 16384 bytes)
[    3.131398] Initializing cgroup subsys io
[    3.132819] Initializing cgroup subsys memory
[    3.134313] Initializing cgroup subsys devices
[    3.193997] Initializing cgroup subsys freezer
[    3.266398] Initializing cgroup subsys net_cls
[    3.267903] Initializing cgroup subsys perf_event
[    3.269459] Initializing cgroup subsys net_prio
[    3.270969] Initializing cgroup subsys hugetlb
[    3.272457] Initializing cgroup subsys pids
[    3.323272] mce: CPU supports 0 MCE banks
[    3.324734] Last level iTLB entries: 4KB 128, 2MB 4, 4MB 4
[    3.345479] Last level dTLB entries: 4KB 256, 2MB 0, 4MB 32, 1GB 0
[    3.347335] Spectre V2 : Mitigation: Full generic retpoline
[    3.423766] Spectre V2 : Spectre v2 / SpectreRSB mitigation: Filling RSB on context switch
[    3.591357] Speculative Store Bypass: Vulnerable
[    3.593829] MDS: Vulnerable: Clear CPU buffers attempted, no microcode
[    3.599365] Freeing SMP alternatives memory: 36K
[    3.608656] ftrace: allocating 32299 entries in 127 pages
[    3.679743] smpboot: APIC(0) Converting physical 0 to logical package 0
[    3.802521] smpboot: Max logical packages: 1
[    3.835475] x2apic enabled
[    3.837130] Switched APIC routing to physical x2apic.
[    3.867947] ..TIMER: vector=0x30 apic1=0 pin1=2 apic2=-1 pin2=-1
[    3.992408] APIC calibration not consistent with PM-Timer: 102ms instead of 100ms
[    4.105982] APIC delta adjusted to PM-Timer: 6272313 (6418470)
[    4.210442] smpboot: CPU0: Intel(R) Core(TM)2 Duo CPU     E8400  @ 3.00GHz (family: 0x6, model: 0x17, stepping: 0xa)
[    4.340911] Performance Events: unsupported p6 CPU model 23 no PMU driver, software events only.
[    4.455414] KVM setup paravirtual spinlock
[    4.522716] x86: Booting SMP configuration:
[    4.524186] .... node  #0, CPUs:      #1
[    4.561402] kvm-clock: cpu 1, msr 0:3ffe3041, secondary cpu clock
[    4.570714] mce: CPU supports 0 MCE banks
[    4.573900] x86: Booted up 1 node, 2 CPUs
[    4.575784] smpboot: Total of 2 processors activated (11969.99 BogoMIPS)
[    4.583719] devtmpfs: initialized
[    4.587785] evm: security.selinux
[    4.589053] evm: security.SMACK64
[    4.590302] evm: security.SMACK64EXEC
[    4.591623] evm: security.SMACK64TRANSMUTE
[    4.593049] evm: security.SMACK64MMAP
[    4.594371] evm: security.ima
[    4.600791] evm: security.capability
[    4.602292] clocksource: jiffies: mask: 0xffffffff max_cycles: 0xffffffff, max_idle_ns: 7645041785100000 ns
[    4.610760] futex hash table entries: 512 (order: 3, 32768 bytes)
[    4.617944] pinctrl core: initialized pinctrl subsystem
[    4.619790] RTC time: 17:09:29, date: 08/08/19
[    4.621680] NET: Registered protocol family 16
[    4.632332] cpuidle: using governor ladder
[    4.643766] cpuidle: using governor menu
[    4.645204] PCCT header not found.
[    4.646513] ACPI: bus type PCI registered
[    4.647934] acpiphp: ACPI Hot Plug PCI Controller Driver version: 0.5
[    4.649971] PCI: Using configuration type 1 for base access
[    4.664803] ACPI: Added _OSI(Module Device)
[    4.666235] ACPI: Added _OSI(Processor Device)
[    4.667730] ACPI: Added _OSI(3.0 _SCP Extensions)
[    4.669296] ACPI: Added _OSI(Processor Aggregator Device)
[    4.671825] ACPI: Executed 1 blocks of module-level executable AML code
[    4.676447] ACPI: Interpreter enabled
[    4.716356] ACPI: (supports S0 S5)
[    4.737803] ACPI: Using IOAPIC for interrupt routing
[    4.739618] PCI: Using host bridge windows from ACPI; if necessary, use "pci=nocrs" and report a bug
[    4.747192] ACPI: PCI Root Bridge [PCI0] (domain 0000 [bus 00-ff])
[    4.749071] acpi PNP0A03:00: _OSC: OS supports [ASPM ClockPM Segments MSI]
[    4.846438] acpi PNP0A03:00: _OSC: not requesting OS control; OS requires [ExtendedConfig ASPM ClockPM MSI]
[    4.856973] acpi PNP0A03:00: fail to add MMCONFIG information, can't access extended PCI configuration space under this bridge.
[    4.860855] PCI host bridge to bus 0000:00
[    4.862354] pci_bus 0000:00: root bus resource [io  0x0000-0x0cf7 window]
[    4.864340] pci_bus 0000:00: root bus resource [io  0x0d00-0xffff window]
[    4.972897] pci_bus 0000:00: root bus resource [mem 0x000a0000-0x000bffff window]
[    5.073010] pci_bus 0000:00: root bus resource [mem 0x40000000-0xfdffffff window]
[    5.082388] pci_bus 0000:00: root bus resource [bus 00-ff]
[    5.086378] pci 0000:00:01.1: legacy IDE quirk: reg 0x10: [io  0x01f0-0x01f7]
[    5.088469] pci 0000:00:01.1: legacy IDE quirk: reg 0x14: [io  0x03f6]
[    5.126571] pci 0000:00:01.1: legacy IDE quirk: reg 0x18: [io  0x0170-0x0177]
[    5.235968] pci 0000:00:01.1: legacy IDE quirk: reg 0x1c: [io  0x0376]
[    5.363857] pci 0000:00:07.0: quirk: [io  0x4000-0x403f] claimed by PIIX4 ACPI
[    5.371834] pci 0000:00:07.0: quirk: [io  0x4100-0x410f] claimed by PIIX4 SMB
[    5.383254] ACPI: PCI Interrupt Link [LNKA] (IRQs 5 9 10 *11)
[    5.391451] ACPI: PCI Interrupt Link [LNKB] (IRQs 5 9 *10 11)
[    5.416265] ACPI: PCI Interrupt Link [LNKC] (IRQs 5 *9 10 11)
[    5.418689] ACPI: PCI Interrupt Link [LNKD] (IRQs 5 9 10 *11)
[    5.421228] ACPI: Enabled 2 GPEs in block 00 to 07
[    5.423965] vgaarb: setting as boot device: PCI:0000:00:02.0
[    5.426791] vgaarb: device added: PCI:0000:00:02.0,decodes=io+mem,owns=io+mem,locks=none
[    5.429553] vgaarb: loaded
[    5.430675] vgaarb: bridge control possible 0000:00:02.0
[    5.433078] SCSI subsystem initialized
[    5.434896] ACPI: bus type USB registered
[    5.441699] usbcore: registered new interface driver usbfs
[    5.443447] usbcore: registered new interface driver hub
[    5.445184] usbcore: registered new device driver usb
[    5.447337] PCI: Using ACPI for IRQ routing
[    5.449482] NetLabel: Initializing
[    5.450758] NetLabel:  domain hash size = 128
[    5.452262] NetLabel:  protocols = UNLABELED CIPSOv4
[    5.453907] NetLabel:  unlabeled traffic allowed by default
[    5.482661] amd_nb: Cannot enumerate AMD northbridges
[    5.484474] clocksource: Switched to clocksource kvm-clock
[   5.500654] AppArmor: AppArmor Filesystem Enabled
[    5.537143] pnp: PnP ACPI init
[    5.539399] pnp: PnP ACPI: found 3 devices

[    5.552665] clocksource: acpi_pm: mask: 0xffffff max_cycles: 0xffffff, max_idle_ns: 2085701024 ns
[    5.555752] NET: Registered protocol family 2
[    5.557854] TCP established hash table entries: 8192 (order: 4, 65536 bytes)
[    5.565216] TCP bind hash table entries: 8192 (order: 5, 131072 bytes)
[    5.567306] TCP: Hash tables configured (established 8192 bind 8192)
[    5.569383] UDP hash table entries: 512 (order: 2, 16384 bytes)
[    5.571288] UDP-Lite hash table entries: 512 (order: 2, 16384 bytes)
[    5.573353] NET: Registered protocol family 1
[    5.574925] pci 0000:00:00.0: Limiting direct PCI/PCI transfers
[    5.576866] pci 0000:00:01.0: Activating ISA A hang workarounds
[    5.640145] Unpacking initramfs...

[    5.903495] Freeing initrd memory: 14828K
[    5.905873] clocksource: tsc: mask: 0xffffffffffffffff max_cycles: 0x2b2296bc2b9, max_idle_ns: 440795321505 ns
[    5.909365] platform rtc_cmos: registered platform RTC device (no PNP device found)
[    5.912398] Scanning for low memory corruption every 60 seconds
[    5.914864] audit: initializing netlink subsys (disabled)
[    5.916702] audit: type=2000 audit(1565284172.822:1): initialized
[    5.919138] Initialise system trusted keyring
[    5.921041] HugeTLB registered 2 MB page size, pre-allocated 0 pages
[    5.948085] zbud: loaded
[    5.949696] VFS: Disk quotas dquot_6.6.0
[    5.951205] VFS: Dquot-cache hash table entries: 512 (order 0, 4096 bytes)
[    5.976229] squashfs: version 4.0 (2009/01/31) Phillip Lougher
[    5.978576] fuse init (API version 7.23)
[    5.980230] Key type big_key registered
[    5.981718] Allocating IMA MOK and blacklist keyrings.
[    6.007929] Key type asymmetric registered
[    6.025990] Asymmetric key parser 'x509' registered
[    6.076113] Block layer SCSI generic (bsg) driver version 0.4 loaded (major 249)
[    6.079043] io scheduler noop registered
[    6.121796] io scheduler deadline registered (default)
[    6.124663] io scheduler cfq registered
[    6.146077] pci_hotplug: PCI Hot Plug PCI Core version: 0.5
[    6.157467] pciehp: PCI Express Hot Plug Controller Driver version: 0.4
[    6.163767] ACPI: AC Adapter [AC] (on-line)
[    6.169183] input: Power Button as /devices/LNXSYSTM:00/LNXPWRBN:00/input/input0
[    6.181211] ACPI: Power Button [PWRF]
[    6.335621] input: Sleep Button as /devices/LNXSYSTM:00/LNXSLPBN:00/input/input1
[    6.346515] ACPI: Sleep Button [SLPF]
[    6.406258] GHES: HEST is not enabled!
[    6.407861] Serial: 8250/16550 driver, 32 ports, IRQ sharing enabled
[    6.439265] 00:02: ttyS0 at I/O 0x3f8 (irq = 4, base_baud = 115200) is a 16550A
[    6.443620] Linux agpgart interface v0.103
[    6.447603] loop: module loaded
[    6.449864] scsi host0: ata_piix
[    6.451350] scsi host1: ata_piix
[    6.452678] ata1: PATA max UDMA/33 cmd 0x1f0 ctl 0x3f6 bmdma 0xd000 irq 14
[    6.454801] ata2: PATA max UDMA/33 cmd 0x170 ctl 0x376 bmdma 0xd008 irq 15
[    6.457035] libphy: Fixed MDIO Bus: probed
[    6.485931] tun: Universal TUN/TAP device driver, 1.6
[    6.487646] tun: (C) 1999-2004 Max Krasnyansky <maxk@qualcomm.com>
[    6.536552] PPP generic driver version 2.4.2
[    6.538156] ehci_hcd: USB 2.0 'Enhanced' Host Controller (EHCI) Driver
[    6.595743] ehci-pci: EHCI PCI platform driver
[    6.597346] ehci-platform: EHCI generic platform driver
[    6.645462] ohci_hcd: USB 1.1 'Open' Host Controller (OHCI) Driver
[    6.647431] ohci-pci: OHCI PCI platform driver
[    6.676130] ohci-platform: OHCI generic platform driver
[    6.677937] uhci_hcd: USB Universal Host Controller Interface driver
[    6.745817] i8042: PNP: PS/2 Controller [PNP0303:PS2K,PNP0f03:PS2M] at 0x60,0x64 irq 1,12
[    6.777142] serio: i8042 KBD port at 0x60,0x64 irq 1
[    6.796102] serio: i8042 AUX port at 0x60,0x64 irq 12
[    6.797971] mousedev: PS/2 mouse device common for all mice
[    6.800600] input: AT Translated Set 2 keyboard as /devices/platform/i8042/serio0/input/input2
[    6.803751] rtc_cmos rtc_cmos: rtc core: registered rtc_cmos as rtc0
[    6.916025] rtc_cmos rtc_cmos: alarms up to one day, 114 bytes nvram
[    6.918063] i2c /dev entries driver
[    6.919469] device-mapper: uevent: version 1.0.3
[    6.921189] device-mapper: ioctl: 4.34.0-ioctl (2015-10-28) initialised: dm-devel@redhat.com
[    6.924113] ledtrig-cpu: registered to indicate activity on CPUs
[    7.006654] NET: Registered protocol family 10
[    7.008910] NET: Registered protocol family 17
[    7.010470] Key type dns_resolver registered
[    7.012334] registered taskstats version 1
[    7.065409] Loading compiled-in X.509 certificates
[    7.068040] Loaded X.509 cert 'Build time autogenerated kernel key: 65139e04a67245b562a838c28b5e7032abdd4348'
[    7.107396] zswap: loaded using pool lzo/zbud
[    7.168787] Key type trusted registered
[    7.202248] Key type encrypted registered
[    7.203684] AppArmor: AppArmor sha1 policy hashing enabled
[    7.216980] ima: No TPM chip found, activating TPM-bypass!
[    7.481348] ima: Allocated hash algorithm: sha1
[    7.595499] evm: HMAC attrs: 0x1
[    7.606155]   Magic number: 15:33:188
[    7.607731] rtc_cmos rtc_cmos: setting system clock to 2019-08-08 17:09:32 UTC (1565284172)
[    7.637370] BIOS EDD facility v0.16 2004-Jun-25, 0 devices found
[    7.639211] EDD information not available.
[    7.650931] Freeing unused kernel memory: 1484K
[    7.660535] Write protecting the kernel read-only data: 14336k
[    7.698951] Freeing unused kernel memory: 1616K
[    7.700816] Freeing unused kernel memory: 68K
Loading, please wait...
starting version 229
[    7.841036] random: systemd-udevd: uninitialized urandom read (16 bytes read, 3 bits of entropy available)
[    7.848239] random: systemd-udevd: uninitialized urandom read (16 bytes read, 3 bits of entropy available)
[    7.852588] random: udevadm: uninitialized urandom read (16 bytes read, 3 bits of entropy available)
[    7.852688] random: udevadm: uninitialized urandom read (16 bytes read, 3 bits of entropy available)
[    7.870072] random: systemd-udevd: uninitialized urandom read (16 bytes read, 3 bits of entropy available)
[    7.875494] random: systemd-udevd: uninitialized urandom read (16 bytes read, 3 bits of entropy available)
[    7.907445] random: systemd-udevd: uninitialized urandom read (16 bytes read, 3 bits of entropy available)
[    7.912491] random: systemd-udevd: uninitialized urandom read (16 bytes read, 3 bits of entropy available)
[    7.917458] random: systemd-udevd: uninitialized urandom read (16 bytes read, 3 bits of entropy available)
[    7.931846] random: systemd-udevd: uninitialized urandom read (16 bytes read, 3 bits of entropy available)
[    8.227874] Fusion MPT base driver 3.04.20
[    8.230348] Copyright (c) 1999-2008 LSI Corporation
[    8.233175] e1000: Intel(R) PRO/1000 Network Driver - version 7.3.21-k8-NAPI
[    8.236359] e1000: Copyright (c) 1999-2006 Intel Corporation.
[    8.267029] Fusion MPT SPI Host driver 3.04.20
[    8.461642] input: ImExPS/2 Generic Explorer Mouse as /devices/platform/i8042/serio1/input/input4
[    8.800937] e1000 0000:00:03.0 eth0: (PCI:33MHz:32-bit) 02:1e:e5:6d:71:21
[    8.806561] e1000 0000:00:03.0 eth0: Intel(R) PRO/1000 Network Connection
[    8.810450] mptbase: ioc0: Initiating bringup
[    8.813312] e1000 0000:00:03.0 enp0s3: renamed from eth0
[    8.915000] ioc0: LSI53C1030 A0: Capabilities={Initiator}
[    9.517089] scsi host2: ioc0: LSI53C1030 A0, FwRev=00000000h, Ports=1, MaxQ=256, IRQ=20
[    9.995019] scsi 2:0:0:0: Direct-Access     VBOX     HARDDISK         1.0  PQ: 0 ANSI: 5
[   10.699357] scsi target2:0:0: Beginning Domain Validation
[   10.702385] scsi target2:0:0: Domain Validation skipping write tests
[   10.704287] scsi target2:0:0: Ending Domain Validation
[   10.785550] scsi target2:0:0: asynchronous
[   10.787511] scsi 2:0:1:0: Direct-Access     VBOX     HARDDISK         1.0  PQ: 0 ANSI: 5
[   10.907672] scsi target2:0:1: Beginning Domain Validation
[   11.705998] scsi target2:0:1: Domain Validation skipping write tests
[   11.708874] scsi target2:0:1: Ending Domain Validation
[   11.711292] scsi target2:0:1: asynchronous
[   11.746481] sd 2:0:0:0: [sda] 20971520 512-byte logical blocks: (10.7 GB/10.0 GiB)
[   11.763044] sd 2:0:0:0: Attached scsi generic sg0 type 0
[   11.770029] sd 2:0:0:0: [sda] Write Protect is off
[   11.771526] sd 2:0:1:0: [sdb] 20480 512-byte logical blocks: (10.5 MB/10.0 MiB)
[   11.771758] sd 2:0:1:0: [sdb] Write Protect is off
[   11.771878] sd 2:0:1:0: [sdb] Incomplete mode parameter data
[   11.771880] sd 2:0:1:0: [sdb] Assuming drive cache: write through
[   11.788754] sd 2:0:1:0: Attached scsi generic sg1 type 0
[   11.813805] sd 2:0:1:0: [sdb] Attached SCSI disk
[   11.885605] sd 2:0:0:0: [sda] Incomplete mode parameter data
[   11.887467] sd 2:0:0:0: [sda] Assuming drive cache: write through
[   11.904647]  sda: sda1
[   11.907216] sd 2:0:0:0: [sda] Attached SCSI disk
Begin: Loading essential drivers ... [   14.278021] md: linear personality registered for level -1
[   14.303313] md: multipath personality registered for level -4
[   14.329460] md: raid0 personality registered for level 0
[   14.368200] md: raid1 personality registered for level 1
[   14.464528] raid6: sse2x1   gen()  4910 MB/s
[   14.554513] raid6: sse2x1   xor()  5080 MB/s
[   14.644528] raid6: sse2x2   gen()  6757 MB/s
[   14.722810] raid6: sse2x2   xor()  6407 MB/s
[   14.818056] raid6: sse2x4   gen()  8476 MB/s
[   14.896611] raid6: sse2x4   xor()  6086 MB/s
[   15.034671] raid6: using algorithm sse2x4 gen() 8476 MB/s
[   15.040040] raid6: .... xor() 6086 MB/s, rmw enabled
[   15.057868] raid6: using ssse3x2 recovery algorithm
[   15.068506] xor: measuring software checksum speed
[   15.108798]    prefetch64-sse: 11255.000 MB/sec
[   15.174491]    generic_sse: 22405.000 MB/sec
[   15.186028] xor: using function: generic_sse (22405.000 MB/sec)
[   15.192711] async_tx: api initialized (async)
[   15.233139] md: raid6 personality registered for level 6
[   15.236466] md: raid5 personality registered for level 5
[   15.239879] md: raid4 personality registered for level 4
[   15.311020] md: raid10 personality registered for level 10
done.
Begin: Running /scripts/init-premount ... done.
Begin: Mounting root file system ... Begin: Running /scripts/local-top ... done.
Begin: Running /scripts/local-premount ... [   15.473102] Btrfs loaded
Scanning for Btrfs filesystems
done.
Warning: fsck not present, so skipping root file system
[   15.683005] EXT4-fs (sda1): INFO: recovery required on readonly filesystem
[   15.685209] EXT4-fs (sda1): write access will be enabled during recovery
[   15.789014] EXT4-fs (sda1): orphan cleanup on readonly fs
[   15.806947] EXT4-fs (sda1): 2 orphan inodes deleted
[   15.808627] EXT4-fs (sda1): recovery complete
[   15.867326] EXT4-fs (sda1): mounted filesystem with ordered data mode. Opts: (null)
done.
Begin: Running /scripts/local-bottom ... done.
Begin: Running /scripts/init-bottom ... done.
[   16.709583] random: nonblocking pool is initialized
[   16.897585] systemd[1]: systemd 229 running in system mode. (+PAM +AUDIT +SELINUX +IMA +APPARMOR +SMACK +SYSVINIT +UTMP +LIBCRYPTSETUP +GCRYPT +GNUTLS +ACL +XZ -LZ4 +SECCOMP +BLKID +ELFUTILS +KMOD -IDN)
[   16.931290] systemd[1]: Detected virtualization oracle.
[   16.933077] systemd[1]: Detected architecture x86-64.

Welcome to [1mUbuntu 16.04.6 LTS[0m!

[   17.001587] systemd[1]: Set hostname to <ubuntu-xenial>.
[   17.129506] systemd[331]: Failed to execute /lib/systemd/system-generators/cloud-init-generator: No such file or directory
[   17.155451] systemd[335]: Failed to execute /lib/systemd/system-generators/friendly-recovery: No such file or directory
[   17.213494] systemd[323]: /lib/systemd/system-generators/cloud-init-generator failed with error code 1.
[   17.522554] systemd[323]: /lib/systemd/system-generators/friendly-recovery failed with error code 1.
[   17.694102] systemd[1]: Reached target User and Group Name Lookups.
[[0;32m  OK  [0m] Reached target User and Group Name Lookups.
[   17.730438] systemd[1]: Listening on Journal Socket (/dev/log).
[[0;32m  OK  [0m] Listening on Journal Socket (/dev/log).
[   17.754458] systemd[1]: Started Trigger resolvconf update for networkd DNS.
[[0;32m  OK  [0m] Started Trigger resolvconf update for networkd DNS.
[   17.758583] systemd[1]: Reached target Swap.
[[0;32m  OK  [0m] Reached target Swap.
[   17.763113] systemd[1]: Created slice User and Session Slce.

[[0;32m  OK  [0m] Created slice User and Session Slice.
[   17.814325] systemd[1]: Started Forward Password Requests to Wall Directory Watch.
[[0;32m  OK  [0m] Started Forward Password Requests to Wall Directory Watch.
[   17.819261] systemd[1]: Listening on LVM2 pol daemon socket.
[[0;32m  OK  [0m] Listening on LVM2 poll daemon socket.
[   17.859942] systemd[1]: Listening on udev Control Socket.
[[0;32m  OK  [0m] Listening on udev Control Socket.
[   17.863535] systemd[1]: Reached target Encrypted Volumes.
[[0;32m  OK  [0m] Reached target Encrypted Volumes.
[   17.868444] systemd[1]: Created slice System Slice.
[[0;32m  OK  [0m] Created slice System Slice.
[   17.981928] systemd[1]: Created slice system-serial\x2dgetty.slice.
[[0;32m  OK  [0m] Created slice system-serial\x2dgetty.slice.
[   17.993661] systemd[1]: Reached target Slices.
[[0;32m  OK  [0m] Reached target Slices.
[   18.027238] systemd[1]: Listening on Journal Audit Socket.
[[0;32m  OK  [0m] Listening on Journal Audit Socket.
[   18.030913] systemd[1]: Listening on LVM2 metadata daemon socket.
[[0;32m  OK  [0m] Listening on LVM2 metadata daemon socket.
[   18.034696] systemd[1]: Reached target System Time Synchronized.
[[0;32m  OK  [0m] Reached target System Time Synchronized.
[   18.038630] systemd[1]: Listening on /dev/initctl Compatibility Named Pipe.
[[0;32m  OK  [0m] Listening on /dev/initctl Compatibility Named Pipe.
[   18.042940] systemd[1]: Listening on Device-mapper event daemon FIFOs.
[[0;32m  OK  [0m] Listening on Device-mapper event daemon FIFOs.
[   18.127670] systemd[1]: Listening on Journal Socket.
[[0;32m  OK  [0m] Listening on Journal Socket.
[   18.146433] systemd[1]: Starting Set console keymap...
         Starting Set console keymap...
[   18.181064] systemd[1]: Mounting POSIX Message Queue File System...
         Mounting POSIX Message Queue File System...
[   18.195981] systemd[1]: Starting Monitoring of LVM2 mirrors, snapshots etc. using dmeventd or progress polling...
         Starting Monitoring of LVM2 mirrors... dmeventd or progress polling...
[   18.264816] systemd[1]: Starting Nameserver information manager...
         Starting Nameserver information manager...
[   18.289580] systemd[1]: Mounting Debug File System...
         Mounting Debug File System...
[   18.303533] systemd[1]: Starting Remount Root and Kernel File Systems...
         Starting Remount Root and Kernel File Systems...
[   18.327720] systemd[1]: Starting Uncomplicated firewall...
         Starting Uncomplicated firewall...
[   18.415281] systemd[1]: Starting Load Kernel Modules...
         Starting Load Kernel Modules...
[   18.513785] systemd[1]: Starting Create list of required static device nodes for the current kernel...
         Starting Create list of required st... nodes for the current kernel...
[   18.525013] systemd[1]: Listening on Syslog Socket.
[[0;32m  OK  [0m] Listening on Syslog Socket.
[   18.536478] systemd[1]: Starting Journal Service...
         Starting Journal Service...
[   18.553392] systemd[1]: Listening on udev Kernel Socket.
[[0;32m  OK  [0m] Listening on udev Kernel Socket.
[   18.567099] systemd[1]: Mounting Huge Pages File System...
         Mounting Huge Pages File System...
[   18.576059] systemd[1]: Set up automount Arbitrary Executable File Formats File System Automount Point.
[[0;32m  OK  [0m] Set up automount Arbitrary Executab...ats File System Automount Point.
[   18.634385] systemd[1]: keyboard-setup.service: Main process exited, code=exited, status=203/EXEC
[   18.634545] Loading iSCSI transport class v2.0-870.
[   18.662424] systemd[1]: Failed to start Set console keymap.
[[0;1;31mFAILED[0m] Failed to start Set console keymap.
See 'systemctl status keyboard-setup.service' for details.
[   18.678469] systemd[1]: keyboard-setup.service: Unit entered failed state.
[   18.682258] systemd[1]: keyboard-setup.service: Failed with result 'exit-code'.
[   18.685544] systemd[1]: dev-mqueue.mount: Mount process exited, code=exited status=203
[   18.690993] systemd[1]: Failed to mount POSIX Message Queue File System.
[[0;1;31mFAILED[0m] Failed to mount POSIX Message Queue File System.
See 'systemctl status dev-mqueue.mount' for details.
[   18.720851] systemd[1]: dev-mqueue.mount: Unit entered failed state.
[   18.733869] systemd[1]: resolvconf.service: Control process exited, code=exited status=203
[   18.745765] systemd[1]: Failed to start Nameserver information manager.
[[0;1;31mFAILED[0m] Failed to start Nameserver[   18.765466] iscsi: registered transport (tcp)
 information manager.
See 'systemctl status resolvconf.service' for details.
[   18.773723] systemd[1]: resolvconf.service: Unit entered failed state.
[   18.777157] systemd[1]: resolvconf.service: Failed with result 'exit-code'.
[   18.779990] systemd[1]: sys-kernel-debug.mount: Mount process exited, code=exited status=203
[   18.787671] systemd[1]: Failed to mount Debug File System.
[[0;1;31mFAILED[0m] Failed to mount Debug File System.
See 'systemctl status sys-kernel-debug.mount' for details.
[   18.803767] systemd[1]: sys-kernel-debug.mount: Unit entered failed state.
[   18.806432] systemd[1]: systemd-remount-fs.service: Main process exited, code=exited, status=1/FAILURE
[   18.812910] systemd[1]: Failed to start Remount Root and Kernel File Systems.
[[0;1;31mFAILED[0m] Failed to start Remount Root and Kernel File Systems.
See 'systemctl status systemd-remount-fs.service' for details.
[   18.819922] systemd[1]: systemd-remount-fs.service: Unit entered failed state.
[   18.823689] systemd[1]: systemd-remount-fs.service: Failed with result 'exit-code'.
[   18.833062] systemd[1]: ufw.service: Main process exited, code=exited, status=203/EXEC
[   18.842856] systemd[1]: Failed to start Uncomplicated firewall.
[[0;1;31mFAILED[0m] Failed to start Uncomplicated firewall.
See 'systemctl status ufw.service' for details.
[   18.872020] systemd[1]: ufw.service: Unit entered failed state.
[   18.875074] systemd[1]: ufw.service: Failed with result 'exit-code'.
[   18.881081] systemd[1]: kmod-static-nodes.service: Main process exited, code=exited, status=203/EXEC
[   18.888844] systemd[1]: Failed to start Create list of required static device nodes for the current kernel.
[[0;1;31mFAILED[0m] Failed to start Create list of requ...ce nodes for the current kernel.
See 'systemctl status kmod-static-nodes.service' for details.
[   18.906094] systemd[1]: kmod-static-nodes.service: Unit entered failed state.
[   18.911672] systemd[1]: kmod-static-nodes.service: Failed with result 'exit-code'.
[   18.914956] systemd[1]: dev-hugepages.mount: Mount process exited, code=exited status=203
[   18.930031] systemd[1]: Failed to mount Huge Pages File System.
[[0;1;31mFAILED[0m] Failed to mount Huge Pages File System.
See 'systemctl status dev-hugepages.mount' for details.
[   18.943329] systemd[1]: dev-hugepages.mount: Unit entered failed state.
[   18.943754] iscsi: registered transport (iser)
[   18.961779] systemd[1]: Started Load Kernel Modules.
[[0;32m  OK  [0m] Started Load Kernel Modules.
[   18.971942] systemd[1]: Started Journal Service.
[[0;32m  OK  [0m] Started Journal Service.
[[0;32m  OK  [0m] Started LVM2 metadata daemon.
         Mounting FUSE Control File System...
         Starting Apply Kernel Variables...
         Starting Create Static Device Nodes in /dev...
         Starting udev Coldplug all Devices...
         Starting Flush Journal to Persistent Storage...
         Starting Load/Save Random Seed...
[[0;32m  OK  [0m] Reached target Network (Pre).
[[0;1;31mFAILED[0m] Failed to mount FUSE Control File System.
See 'systemctl status sys-fs-fuse-connections.mount' for details.
[[0;32m  OK  [0m] Started Apply Kernel Variables.
[[0;1;31mFAILED[0m] Failed to start Create Static Device Nodes in /dev.
See 'systemctl status systemd-tmpfiles-setup-dev.service' for details.
[[0;1;31mFAILED[0m] Failed to start udev Coldplug all Devices.
See 'systemctl status systemd-udev-trigger.service' for details.
[[0;1;31mFAILED[0m] Failed to start Flush Journal to Persistent Storage.
See 'systemctl status systemd-journal-flush.service' for details.
[[0;32m  OK  [0m] Started Load/Save Random Seed.
         Starting udev Kernel Device Manager...
[[0;32m  OK  [0m] Started Monitoring of LVM2 mirrors,...ng dmeventd or progress polling.
[[0;32m  OK  [0m] Reached target Local File Systems (Pre).
[[0;32m  OK  [0m] Reached target Local File Systems.
         Starting LSB: AppArmor initialization...
         Starting Set console font and keymap...
         Starting Tell Plymouth To Write Out Runtime Data...
         Starting Create Volatile Files and Directories...
[[0;32m  OK  [0m] Started udev Kernel Device Manager.
[[0;1;31mFAILED[0m] Failed to start LSB: AppArmor initialization.
See 'systemctl status apparmor.service' for details.
[[0;1;31mFAILED[0m] Failed to start Set console font and keymap.
See 'systemctl status console-setup.service' for details.
[[0;32m  OK  [0m] Started Tell Plymouth To Write Out Runtime Data.
[[0;1;31mFAILED[0m] Failed to start Create Volatile Files and Directories.
See 'systemctl status systemd-tmpfiles-setup.service' for details.
         Starting Update UTMP about System Boot/Shutdown...
[[0;32m  OK  [0m] Created slice system-getty.slice.
         Starting Raise network interfaces...
[[0;32m  OK  [0m] Started Dispatch Password Requests to Console Directory Watch.
[[0;32m  OK  [0m] Started Update UTMP about System Boot/Shutdown.
[[0;1;31mFAILED[0m] Failed to start Raise network interfaces.
See 'systemctl status networking.service' for details.
[[0;32m  OK  [0m] Reached target Network.
[[0;32m  OK  [0m] Reached target Network is Online.
         Starting iSCSI initiator daemon (iscsid)...
[[0;32m  OK  [0m] Reached target System Initialization.
[[0;32m  OK  [0m] Started Daily Cleanup of Temporary Directories.
[[0;32m  OK  [0m] Listening on UUID daemon activation socket.
[[0;1;31mFAILED[0m] Failed to listen on LXD - unix socket.
See 'systemctl status lxd.socket' for details.
[[0;1;33mDEPEND[0m] Dependency failed for LXD - container startup/shutdown.
[[0;32m  OK  [0m] Started ACPI Events Check.
[[0;32m  OK  [0m] Reached target Paths.
         Starting Socket activation for snappy daemon.
[[0;32m  OK  [0m] Listening on D-Bus System Message Bus Socket.
[[0;32m  OK  [0m] Started Daily apt download activities.
[[0;32m  OK  [0m] Started Daily apt upgrade and clean activities.
[[0;32m  OK  [0m] Reached target Timers.
[[0;32m  OK  [0m] Listening on ACPID Listen Socket.
[[0;1;31mFAILED[0m] Failed to start iSCSI initiator daemon (iscsid).
See 'systemctl status iscsid.service' for details.
[[0;32m  OK  [0m] Listening on Socket activation for snappy daemon.
[[0;32m  OK  [0m] Reached target Sockets.
[[0;32m  OK  [0m] Reached target Basic System.
[[0;32m  OK  [0m] Started Deferred execution scheduler.
         Starting Virtualbox guest utils...
         Starting Snappy daemon...
[[0;32m  OK  [0m] Started FUSE filesystem for LXC.
[[0;32m  OK  [0m] Started D-Bus System Message Bus.
         Starting System Logging Service...
         Starting LSB: MD monitoring daemon...
[[0;32m  OK  [0m] Started Regular background program processing daemon.
         Starting OpenBSD Secure Shell server...
         Starting /etc/rc.local Compatibility...
[[0;32m  OK  [0m] Started ACPI event daemon.
         Starting Accounts Service...
         Starting Login Service...
         Starting LSB: Record successful boot for GRUB...
         Starting Login to default iSCSI targets...
[[0;1;31mFAILED[0m] Failed to start Virtualbox guest utils.
See 'systemctl status virtualbox-guest-utils.service' for details.
[[0;1;31mFAILED[0m] Failed to start LSB: MD monitoring daemon.
See 'systemctl status mdadm.service' for details.
[[0;1;31mFAILED[0m] Failed to start /etc/rc.local Compatibility.
See 'systemctl status rc-local.service' for details.
[[0;1;31mFAILED[0m] Failed to start LSB: Record successful boot for GRUB.
See 'systemctl status grub-common.service' for details.
[[0;1;31mFAILED[0m] Failed to start Login to default iSCSI targets.
See 'systemctl status open-iscsi.service' for details.
[[0;32m  OK  [0m] Started System Logging Service.
[[0;32m  OK  [0m] Reached target Remote File Systems (Pre).
[[0;32m  OK  [0m] Reached target Remote File Systems.
         Starting LSB: automatic crash report generation...
         Starting Permit User Sessions...
         Starting LSB: Set the CPU Frequency Scaling governor to "ondemand"...
         Starting LSB: daemon to balance interrupts for SMP systems...
[[0;1;31mFAILED[0m] Failed to start LSB: automatic crash report generation.
See 'systemctl status apport.service' for details.
[[0;1;31mFAILED[0m] Failed to start LSB: Set the CPU Fr... Scaling governor to "ondemand".
See 'systemctl status ondemand.service' for details.
[[0;32m  OK  [0m] Started Permit User Sessions.
[[0;1;31mFAILED[0m] Failed to start LSB: daemon to balance interrupts for SMP systems.
See 'systemctl status irqbalance.service' for details.
[[0;32m  OK  [0m] Started Login Service.
[[0;32m  OK  [0m] Started Unattended Upgrades Shutdown.
         Starting Hold until boot process finishes up...
         Starting Terminate Plymouth Boot Screen...
[[0;32m  OK  [0m] Started Hold until boot process finishes up.
[[0;32m  OK  [0m] Started Terminate Plymouth Boot Screen.
[[0;32m  OK  [0m] Started Getty on tty1.
         Starting Set console scheme...
[[0;32m  OK  [0m] Started Set console scheme.
[[0;1;31mFAILED[0m] Failed to start OpenBSD Secure Shell server.
See 'systemctl status ssh.service' for details.
         Starting Authenticate and Authorize Users to Run Privileged Tasks...
[[0;32m  OK  [0m] Stopped OpenBSD Secure Shell server.
         Starting OpenBSD Secure Shell server...
[[0;1;31mFAILED[0m] Failed to start OpenBSD Secure Shell server.
See 'systemctl status ssh.service' for details.
[[0;32m  OK  [0m] Started Authenticate and Authorize Users to Run Privileged Tasks.
[[0;32m  OK  [0m] Started Accounts Service.
[[0;32m  OK  [0m] Stopped OpenBSD Secure Shell server.
         Starting OpenBSD Secure Shell server...
[[0;1;31mFAILED[0m] Failed to start OpenBSD Secure Shell server.
See 'systemctl status ssh.service' for details.
[[0;32m  OK  [0m] Started Snappy daemon.
         Starting Wait until snapd is fully seeded...
[[0;32m  OK  [0m] Stopped OpenBSD Secure Shell server.
         Starting OpenBSD Secure Shell server...
[[0;1;31mFAILED[0m] Failed to start OpenBSD Secure Shell server.
See 'systemctl status ssh.service' for details.
[[0;32m  OK  [0m] Stopped OpenBSD Secure Shell server.
         Starting OpenBSD Secure Shell server...
[[0;1;31mFAILED[0m] Failed to start OpenBSD Secure Shell server.
See 'systemctl status ssh.service' for details.
[[0;32m  OK  [0m] Stopped OpenBSD Secure Shell server.
[[0;1;31mFAILED[0m] Failed to start OpenBSD Secure Shell server.
See 'systemctl status ssh.service' for details.
[[0;32m  OK  [0m] Started Wait until snapd is fully seeded.
[[0m[0;31m*     [0m] A start job is running for dev-ttyS0.device (11s / 1min 30s)[K[[0;1;31m*[0m[0;31m*    [0m] A start job is running for dev-ttyS0.device (12s / 1min 30s)[K[[0;31m*[0;1;31m*[0m[0;31m*   [0m] A start job is running for dev-ttyS0.device (13s / 1min 30s)[K[ [0;31m*[0;1;31m*[0m[0;31m*  [0m] A start job is running for dev-ttyS0.device (13s / 1min 30s)[K[  [0;31m*[0;1;31m*[0m[0;31m* [0m] A start job is running for dev-ttyS0.device (14s / 1min 30s)[K[   [0;31m*[0;1;31m*[0m[0;31m*[0m] A start job is running for dev-ttyS0.device (14s / 1min 30s)[K[    [0;31m*[0;1;31m*[0m] A start job is running for dev-ttyS0.device (15s / 1min 30s)[K[     [0;31m*[0m] A start job is running for dev-ttyS0.device (16s / 1min 30s)[K[    [0;31m*[0;1;31m*[0m] A start job is running for dev-ttyS0.device (16s / 1min 30s)[K[   [0;31m*[0;1;31m*[0m[0;31m*[0m] A start job is running for dev-ttyS0.device (17s / 1min 30s)[K[  [0;31m*[0;1;31m*[0m[0;31m* [0m] A start job is running for dev-ttyS0.device (17s / 1min 30s)[K[ [0;31m*[0;1;31m*[0m[0;31m*  [0m] A start job is running for dev-ttyS0.device (18s / 1min 30s)[K[[0;31m*[0;1;31m*[0m[0;31m*   [0m] A start job is running for dev-ttyS0.device (19s / 1min 30s)[K[[0;1;31m*[0m[0;31m*    [0m] A start job is running for dev-ttyS0.device (19s / 1min 30s)[K[[0m[0;31m*     [0m] A start job is running for dev-ttyS0.device (20s / 1min 30s)[K[[0;1;31m*[0m[0;31m*    [0m] A start job is running for dev-ttyS0.device (21s / 1min 30s)[K[[0;31m*[0;1;31m*[0m[0;31m*   [0m] A start job is running for dev-ttyS0.device (21s / 1min 30s)[K[ [0;31m*[0;1;31m*[0m[0;31m*  [0m] A start job is running for dev-ttyS0.device (22s / 1min 30s)[K[  [0;31m*[0;1;31m*[0m[0;31m* [0m] A start job is running for dev-ttyS0.device (22s / 1min 30s)[K[   [0;31m*[0;1;31m*[0m[0;31m*[0m] A start job is running for dev-ttyS0.device (23s / 1min 30s)[K[    [0;31m*[0;1;31m*[0m] A start job is running for dev-ttyS0.device (24s / 1min 30s)[K[     [0;31m*[0m] A start job is running for dev-ttyS0.device (24s / 1min 30s)[K[    [0;31m*[0;1;31m*[0m] A start job is running for dev-ttyS0.device (24s / 1min 30s)[K[   [0;31m*[0;1;31m*[0m[0;31m*[0m] A start job is running for dev-ttyS0.device (25s / 1min 30s)[K[  [0;31m*[0;1;31m*[0m[0;31m* [0m] A start job is running for dev-ttyS0.device (26s / 1min 30s)[K[ [0;31m*[0;1;31m*[0m[0;31m*  [0m] A start job is running for dev-ttyS0.device (27s / 1min 30s)[K[[0;31m*[0;1;31m*[0m[0;31m*   [0m] A start job is running for dev-ttyS0.device (27s / 1min 30s)[K[[0;1;31m*[0m[0;31m*    [0m] A start job is running for dev-ttyS0.device (28s / 1min 30s)[K[[0m[0;31m*     [0m] A start job is running for dev-ttyS0.device (29s / 1min 30s)[K[[0;1;31m*[0m[0;31m*    [0m] A start job is running for dev-ttyS0.device (30s / 1min 30s)[K[[0;31m*[0;1;31m*[0m[0;31m*   [0m] A start job is running for dev-ttyS0.device (31s / 1min 30s)[K[ [0;31m*[0;1;31m*[0m[0;31m*  [0m] A start job is running for dev-ttyS0.device (31s / 1min 30s)[K[  [0;31m*[0;1;31m*[0m[0;31m* [0m] A start job is running for dev-ttyS0.device (32s / 1min 30s)[K[   [0;31m*[0;1;31m*[0m[0;31m*[0m] A start job is running for dev-ttyS0.device (33s / 1min 30s)[K[    [0;31m*[0;1;31m*[0m] A start job is running for dev-ttyS0.device (34s / 1min 30s)[K[     [0;31m*[0m] A start job is running for dev-ttyS0.device (35s / 1min 30s)[K[    [0;31m*[0;1;31m*[0m] A start job is running for dev-ttyS0.device (35s / 1min 30s)[K[   [0;31m*[0;1;31m*[0m[0;31m*[0m] A start job is running for dev-ttyS0.device (36s / 1min 30s)[K[  [0;31m*[0;1;31m*[0m[0;31m* [0m] A start job is running for dev-ttyS0.device (37s / 1min 30s)[K[ [0;31m*[0;1;31m*[0m[0;31m*  [0m] A start job is running for dev-ttyS0.device (38s / 1min 30s)[K[[0;31m*[0;1;31m*[0m[0;31m*   [0m] A start job is running for dev-ttyS0.device (39s / 1min 30s)[K[[0;1;31m*[0m[0;31m*    [0m] A start job is running for dev-ttyS0.device (39s / 1min 30s)[K[[0m[0;31m*     [0m] A start job is running for dev-ttyS0.device (40s / 1min 30s)[K[[0;1;31m*[0m[0;31m*    [0m] A start job is running for dev-ttyS0.device (41s / 1min 30s)[K[[0;31m*[0;1;31m*[0m[0;31m*   [0m] A start job is running for dev-ttyS0.device (42s / 1min 30s)[K[ [0;31m*[0;1;31m*[0m[0;31m*  [0m] A start job is running for dev-ttyS0.device (43s / 1min 30s)[K[  [0;31m*[0;1;31m*[0m[0;31m* [0m] A start job is running for dev-ttyS0.device (43s / 1min 30s)[K[   [0;31m*[0;1;31m*[0m[0;31m*[0m] A start job is running for dev-ttyS0.device (44s / 1min 30s)[K[    [0;31m*[0;1;31m*[0m] A start job is running for dev-ttyS0.device (45s / 1min 30s)[K[     [0;31m*[0m] A start job is running for dev-ttyS0.device (46s / 1min 30s)[K[    [0;31m*[0;1;31m*[0m] A start job is running for dev-ttyS0.device (47s / 1min 30s)[K[   [0;31m*[0;1;31m*[0m[0;31m*[0m] A start job is running for dev-ttyS0.device (47s / 1min 30s)[K[  [0;31m*[0;1;31m*[0m[0;31m* [0m] A start job is running for dev-ttyS0.device (48s / 1min 30s)[K[ [0;31m*[0;1;31m*[0m[0;31m*  [0m] A start job is running for dev-ttyS0.device (49s / 1min 30s)[K[[0;31m*[0;1;31m*[0m[0;31m*   [0m] A start job is running for dev-ttyS0.device (50s / 1min 30s)[K[[0;1;31m*[0m[0;31m*    [0m] A start job is running for dev-ttyS0.device (51s / 1min 30s)[K[[0m[0;31m*     [0m] A start job is running for dev-ttyS0.device (51s / 1min 30s)[K[[0;1;31m*[0m[0;31m*    [0m] A start job is running for dev-ttyS0.device (52s / 1min 30s)[K[[0;31m*[0;1;31m*[0m[0;31m*   [0m] A start job is running for dev-ttyS0.device (53s / 1min 30s)[K[ [0;31m*[0;1;31m*[0m[0;31m*  [0m] A start job is running for dev-ttyS0.device (54s / 1min 30s)[K[  [0;31m*[0;1;31m*[0m[0;31m* [0m] A start job is running for dev-ttyS0.device (55s / 1min 30s)[K[   [0;31m*[0;1;31m*[0m[0;31m*[0m] A start job is running for dev-ttyS0.device (55s / 1min 30s)[K[    [0;31m*[0;1;31m*[0m] A start job is running for dev-ttyS0.device (56s / 1min 30s)[K[     [0;31m*[0m] A start job is running for dev-ttyS0.device (57s / 1min 30s)[K[    [0;31m*[0;1;31m*[0m] A start job is running for dev-ttyS0.device (58s / 1min 30s)[K[   [0;31m*[0;1;31m*[0m[0;31m*[0m] A start job is running for dev-ttyS0.device (59s / 1min 30s)[K[  [0;31m*[0;1;31m*[0m[0;31m* [0m] A start job is running for dev-ttyS0.device (59s / 1min 30s)[K[ [0;31m*[0;1;31m*[0m[0;31m*  [0m] A start job is running for dev-ttyS0.device (1min / 1min 30s)[K[[0;31m*[0;1;31m*[0m[0;31m*   [0m] A start job is running for dev-ttyS0.device (1min 1s / 1min 30s)[K[[0;1;31m*[0m[0;31m*    [0m] A start job is running for dev-ttyS0.device (1min 1s / 1min 30s)[K[[0m[0;31m*     [0m] A start job is running for dev-ttyS0.device (1min 2s / 1min 30s)[K[[0;1;31m*[0m[0;31m*    [0m] A start job is running for dev-ttyS0.device (1min 3s / 1min 30s)[K[[0;31m*[0;1;31m*[0m[0;31m*   [0m] A start job is running for dev-ttyS0.device (1min 3s / 1min 30s)[K[ [0;31m*[0;1;31m*[0m[0;31m*  [0m] A start job is running for dev-ttyS0.device (1min 4s / 1min 30s)[K[  [0;31m*[0;1;31m*[0m[0;31m* [0m] A start job is running for dev-ttyS0.device (1min 5s / 1min 30s)[K[   [0;31m*[0;1;31m*[0m[0;31m*[0m] A start job is running for dev-ttyS0.device (1min 6s / 1min 30s)[K[    [0;31m*[0;1;31m*[0m] A start job is running for dev-ttyS0.device (1min 7s / 1min 30s)[K[     [0;31m*[0m] A start job is running for dev-ttyS0.device (1min 7s / 1min 30s)[K[    [0;31m*[0;1;31m*[0m] A start job is running for dev-ttyS0.device (1min 8s / 1min 30s)[K[   [0;31m*[0;1;31m*[0m[0;31m*[0m] A start job is running for dev-ttyS0.device (1min 9s / 1min 30s)[K[  [0;31m*[0;1;31m*[0m[0;31m* [0m] A start job is running for dev-ttyS0.device (1min 10s / 1min 30s)[K[ [0;31m*[0;1;31m*[0m[0;31m*  [0m] A start job is running for dev-ttyS0.device (1min 11s / 1min 30s)[K[[0;31m*[0;1;31m*[0m[0;31m*   [0m] A start job is running for dev-ttyS0.device (1min 11s / 1min 30s)[K[[0;1;31m*[0m[0;31m*    [0m] A start job is running for dev-ttyS0.device (1min 12s / 1min 30s)[K[[0m[0;31m*     [0m] A start job is running for dev-ttyS0.device (1min 13s / 1min 30s)[K[[0;1;31m*[0m[0;31m*    [0m] A start job is running for dev-ttyS0.device (1min 14s / 1min 30s)[K[[0;31m*[0;1;31m*[0m[0;31m*   [0m] A start job is running for dev-ttyS0.device (1min 14s / 1min 30s)[K[ [0;31m*[0;1;31m*[0m[0;31m*  [0m] A start job is running for dev-ttyS0.device (1min 15s / 1min 30s)[K[  [0;31m*[0;1;31m*[0m[0;31m* [0m] A start job is running for dev-ttyS0.device (1min 15s / 1min 30s)[K[   [0;31m*[0;1;31m*[0m[0;31m*[0m] A start job is running for dev-ttyS0.device (1min 16s / 1min 30s)[K[    [0;31m*[0;1;31m*[0m] A start job is running for dev-ttyS0.device (1min 17s / 1min 30s)[K[     [0;31m*[0m] A start job is running for dev-ttyS0.device (1min 18s / 1min 30s)[K[    [0;31m*[0;1;31m*[0m] A start job is running for dev-ttyS0.device (1min 19s / 1min 30s)[K[   [0;31m*[0;1;31m*[0m[0;31m*[0m] A start job is running for dev-ttyS0.device (1min 19s / 1min 30s)[K[  [0;31m*[0;1;31m*[0m[0;31m* [0m] A start job is running for dev-ttyS0.device (1min 20s / 1min 30s)[K[ [0;31m*[0;1;31m*[0m[0;31m*  [0m] A start job is running for dev-ttyS0.device (1min 21s / 1min 30s)[K[[0;31m*[0;1;31m*[0m[0;31m*   [0m] A start job is running for dev-ttyS0.device (1min 22s / 1min 30s)[K[[0;1;31m*[0m[0;31m*    [0m] A start job is running for dev-ttyS0.device (1min 23s / 1min 30s)[K[[0m[0;31m*     [0m] A start job is running for dev-ttyS0.device (1min 23s / 1min 30s)[K[[0;1;31m*[0m[0;31m*    [0m] A start job is running for dev-ttyS0.device (1min 24s / 1min 30s)[K[[0;31m*[0;1;31m*[0m[0;31m*   [0m] A start job is running for dev-ttyS0.device (1min 25s / 1min 30s)[K[ [0;31m*[0;1;31m*[0m[0;31m*  [0m] A start job is running for dev-ttyS0.device (1min 26s / 1min 30s)[K[  [0;31m*[0;1;31m*[0m[0;31m* [0m] A start job is running for dev-ttyS0.device (1min 27s / 1min 30s)[K[   [0;31m*[0;1;31m*[0m[0;31m*[0m] A start job is running for dev-ttyS0.device (1min 27s / 1min 30s)[K[    [0;31m*[0;1;31m*[0m] A start job is running for dev-ttyS0.device (1min 28s / 1min 30s)[K[     [0;31m*[0m] A start job is running for dev-ttyS0.device (1min 29s / 1min 30s)[K[[0;1;31m TIME [0m] Timed out waiting for device dev-ttyS0.device.
[[0;1;33mDEPEND[0m] Dependency failed for Serial Getty on ttyS0.
[[0;32m  OK  [0m] Reached target Login Prompts.
[[0;32m  OK  [0m] Reached target Multi-User System.
[[0;32m  OK  [0m] Reached target Graphical Interface.
         Starting Update UTMP about System Runlevel Changes...
[[0;32m  OK  [0m] Started Update UTMP about System Runlevel Changes.
